<?xml version="1.0" encoding="UTF-8"?>
<!-- Generated by org.testng.reporters.JUnitReportReporter -->
<testsuite hostname="PRAVEENREDDYN" failures="0" tests="2" name="cucumberOptions.TestNGRunner" time="0.195" errors="0" timestamp="2024-04-19T13:20:14 IST" skipped="0">
  <testcase classname="cucumberOptions.TestNGRunner" name="runScenario" time="0.005"/>
  <system-out/>
  <testcase classname="cucumberOptions.TestNGRunner" name="runScenario" time="0.190"/>
  <system-out/>
</testsuite> <!-- cucumberOptions.TestNGRunner -->
